{"/home/viniciuscruz/Documentos/Personal/web/fruitfresh/src/global/components/ TextPassword/index.tsx": {"path":"/home/viniciuscruz/Documentos/Personal/web/fruitfresh/src/global/components/ TextPassword/index.tsx","all":false,"statementMap":{"0":{"start":{"line":1,"column":0},"end":{"line":1,"column":33}},"1":{"start":{"line":2,"column":0},"end":{"line":2,"column":69}},"2":{"start":{"line":3,"column":0},"end":{"line":3,"column":0}},"3":{"start":{"line":4,"column":0},"end":{"line":4,"column":43}},"4":{"start":{"line":5,"column":0},"end":{"line":5,"column":0}},"5":{"start":{"line":6,"column":0},"end":{"line":6,"column":39}},"6":{"start":{"line":7,"column":0},"end":{"line":7,"column":8}},"7":{"start":{"line":8,"column":0},"end":{"line":8,"column":10}},"8":{"start":{"line":9,"column":0},"end":{"line":9,"column":25}},"9":{"start":{"line":10,"column":0},"end":{"line":10,"column":58}},"10":{"start":{"line":11,"column":0},"end":{"line":11,"column":0}},"11":{"start":{"line":12,"column":0},"end":{"line":12,"column":66}},"12":{"start":{"line":13,"column":0},"end":{"line":13,"column":0}},"13":{"start":{"line":14,"column":0},"end":{"line":14,"column":75}},"14":{"start":{"line":15,"column":0},"end":{"line":15,"column":0}},"15":{"start":{"line":16,"column":0},"end":{"line":16,"column":55}},"16":{"start":{"line":17,"column":0},"end":{"line":17,"column":0}},"17":{"start":{"line":18,"column":0},"end":{"line":18,"column":10}},"18":{"start":{"line":19,"column":0},"end":{"line":19,"column":56}},"19":{"start":{"line":20,"column":0},"end":{"line":20,"column":17}},"20":{"start":{"line":21,"column":0},"end":{"line":21,"column":14}},"21":{"start":{"line":22,"column":0},"end":{"line":22,"column":37}},"22":{"start":{"line":23,"column":0},"end":{"line":23,"column":28}},"23":{"start":{"line":24,"column":0},"end":{"line":24,"column":66}},"24":{"start":{"line":25,"column":0},"end":{"line":25,"column":9}},"25":{"start":{"line":26,"column":0},"end":{"line":26,"column":17}},"26":{"start":{"line":27,"column":0},"end":{"line":27,"column":16}},"27":{"start":{"line":28,"column":0},"end":{"line":28,"column":8}},"28":{"start":{"line":29,"column":0},"end":{"line":29,"column":0}},"29":{"start":{"line":30,"column":0},"end":{"line":30,"column":10}},"30":{"start":{"line":31,"column":0},"end":{"line":31,"column":35}},"31":{"start":{"line":32,"column":0},"end":{"line":32,"column":112}},"32":{"start":{"line":33,"column":0},"end":{"line":33,"column":7}},"33":{"start":{"line":34,"column":0},"end":{"line":34,"column":14}},"34":{"start":{"line":35,"column":0},"end":{"line":35,"column":26}},"35":{"start":{"line":36,"column":0},"end":{"line":36,"column":38}},"36":{"start":{"line":37,"column":0},"end":{"line":37,"column":91}},"37":{"start":{"line":38,"column":0},"end":{"line":38,"column":54}},"38":{"start":{"line":39,"column":0},"end":{"line":39,"column":13}},"39":{"start":{"line":40,"column":0},"end":{"line":40,"column":20}},"40":{"start":{"line":41,"column":0},"end":{"line":41,"column":10}},"41":{"start":{"line":42,"column":0},"end":{"line":42,"column":0}},"42":{"start":{"line":43,"column":0},"end":{"line":43,"column":15}},"43":{"start":{"line":44,"column":0},"end":{"line":44,"column":80}},"44":{"start":{"line":45,"column":0},"end":{"line":45,"column":38}},"45":{"start":{"line":46,"column":0},"end":{"line":46,"column":36}},"46":{"start":{"line":47,"column":0},"end":{"line":47,"column":35}},"47":{"start":{"line":48,"column":0},"end":{"line":48,"column":9}},"48":{"start":{"line":49,"column":0},"end":{"line":49,"column":27}},"49":{"start":{"line":50,"column":0},"end":{"line":50,"column":25}},"50":{"start":{"line":51,"column":0},"end":{"line":51,"column":29}},"51":{"start":{"line":52,"column":0},"end":{"line":52,"column":23}},"52":{"start":{"line":53,"column":0},"end":{"line":53,"column":40}},"53":{"start":{"line":54,"column":0},"end":{"line":54,"column":14}},"54":{"start":{"line":55,"column":0},"end":{"line":55,"column":15}},"55":{"start":{"line":56,"column":0},"end":{"line":56,"column":34}},"56":{"start":{"line":57,"column":0},"end":{"line":57,"column":29}},"57":{"start":{"line":58,"column":0},"end":{"line":58,"column":23}},"58":{"start":{"line":59,"column":0},"end":{"line":59,"column":50}},"59":{"start":{"line":60,"column":0},"end":{"line":60,"column":14}},"60":{"start":{"line":61,"column":0},"end":{"line":61,"column":12}},"61":{"start":{"line":62,"column":0},"end":{"line":62,"column":17}},"62":{"start":{"line":63,"column":0},"end":{"line":63,"column":12}},"63":{"start":{"line":64,"column":0},"end":{"line":64,"column":10}},"64":{"start":{"line":65,"column":0},"end":{"line":65,"column":4}},"65":{"start":{"line":66,"column":0},"end":{"line":66,"column":2}}},"s":{"0":1,"1":1,"2":1,"3":1,"4":1,"5":1,"6":4,"7":4,"8":4,"9":4,"10":4,"11":4,"12":4,"13":4,"14":4,"15":4,"16":4,"17":4,"18":4,"19":4,"20":4,"21":4,"22":4,"23":4,"24":4,"25":4,"26":4,"27":4,"28":4,"29":4,"30":4,"31":4,"32":4,"33":4,"34":4,"35":4,"36":4,"37":4,"38":4,"39":4,"40":4,"41":4,"42":4,"43":4,"44":4,"45":4,"46":4,"47":4,"48":4,"49":1,"50":1,"51":1,"52":1,"53":1,"54":1,"55":4,"56":3,"57":3,"58":3,"59":3,"60":3,"61":4,"62":4,"63":4,"64":4,"65":4},"branchMap":{"0":{"type":"branch","line":6,"loc":{"start":{"line":6,"column":13},"end":{"line":6,"column":37}},"locations":[{"start":{"line":6,"column":13},"end":{"line":6,"column":37}}]},"1":{"type":"branch","line":6,"loc":{"start":{"line":6,"column":37},"end":{"line":66,"column":2}},"locations":[{"start":{"line":6,"column":37},"end":{"line":66,"column":2}}]},"2":{"type":"branch","line":14,"loc":{"start":{"line":14,"column":46},"end":{"line":14,"column":64}},"locations":[{"start":{"line":14,"column":46},"end":{"line":14,"column":64}}]},"3":{"type":"branch","line":16,"loc":{"start":{"line":16,"column":20},"end":{"line":16,"column":44}},"locations":[{"start":{"line":16,"column":20},"end":{"line":16,"column":44}}]},"4":{"type":"branch","line":16,"loc":{"start":{"line":16,"column":35},"end":{"line":16,"column":54}},"locations":[{"start":{"line":16,"column":35},"end":{"line":16,"column":54}}]},"5":{"type":"branch","line":38,"loc":{"start":{"line":38,"column":26},"end":{"line":38,"column":45}},"locations":[{"start":{"line":38,"column":26},"end":{"line":38,"column":45}}]},"6":{"type":"branch","line":44,"loc":{"start":{"line":44,"column":49},"end":{"line":44,"column":68}},"locations":[{"start":{"line":44,"column":49},"end":{"line":44,"column":68}}]},"7":{"type":"branch","line":49,"loc":{"start":{"line":49,"column":11},"end":{"line":56,"column":13}},"locations":[{"start":{"line":49,"column":11},"end":{"line":56,"column":13}}]},"8":{"type":"branch","line":56,"loc":{"start":{"line":56,"column":12},"end":{"line":61,"column":12}},"locations":[{"start":{"line":56,"column":12},"end":{"line":61,"column":12}}]},"9":{"type":"branch","line":12,"loc":{"start":{"line":12,"column":29},"end":{"line":12,"column":66}},"locations":[{"start":{"line":12,"column":29},"end":{"line":12,"column":66}}]}},"b":{"0":[3],"1":[4],"2":[0],"3":[1],"4":[3],"5":[0],"6":[0],"7":[1],"8":[3],"9":[1]},"fnMap":{"0":{"name":"get","decl":{"start":{"line":6,"column":13},"end":{"line":6,"column":37}},"loc":{"start":{"line":6,"column":13},"end":{"line":6,"column":37}},"line":6},"1":{"name":"TextPasswordComponent","decl":{"start":{"line":6,"column":37},"end":{"line":66,"column":2}},"loc":{"start":{"line":6,"column":37},"end":{"line":66,"column":2}},"line":6},"2":{"name":"toggleShowPassword","decl":{"start":{"line":12,"column":29},"end":{"line":12,"column":66}},"loc":{"start":{"line":12,"column":29},"end":{"line":12,"column":66}},"line":12}},"f":{"0":3,"1":4,"2":1}}
}
