TN:
SF:src/global/components/ TextPassword/index.tsx
FN:6,get
FN:6,TextPasswordComponent
FN:12,toggleShowPassword
FNF:3
FNH:3
FNDA:3,get
FNDA:4,TextPasswordComponent
FNDA:1,toggleShowPassword
DA:1,1
DA:2,1
DA:3,1
DA:4,1
DA:5,1
DA:6,1
DA:7,4
DA:8,4
DA:9,4
DA:10,4
DA:11,4
DA:12,4
DA:13,4
DA:14,4
DA:15,4
DA:16,4
DA:17,4
DA:18,4
DA:19,4
DA:20,4
DA:21,4
DA:22,4
DA:23,4
DA:24,4
DA:25,4
DA:26,4
DA:27,4
DA:28,4
DA:29,4
DA:30,4
DA:31,4
DA:32,4
DA:33,4
DA:34,4
DA:35,4
DA:36,4
DA:37,4
DA:38,4
DA:39,4
DA:40,4
DA:41,4
DA:42,4
DA:43,4
DA:44,4
DA:45,4
DA:46,4
DA:47,4
DA:48,4
DA:49,4
DA:50,1
DA:51,1
DA:52,1
DA:53,1
DA:54,1
DA:55,1
DA:56,4
DA:57,3
DA:58,3
DA:59,3
DA:60,3
DA:61,3
DA:62,4
DA:63,4
DA:64,4
DA:65,4
DA:66,4
DA:67,4
DA:68,4
DA:69,4
DA:70,4
LF:70
LH:70
BRDA:6,0,0,3
BRDA:6,1,0,4
BRDA:14,2,0,0
BRDA:16,3,0,1
BRDA:16,4,0,3
BRDA:38,5,0,0
BRDA:44,6,0,0
BRDA:49,7,0,1
BRDA:56,8,0,3
BRDA:12,9,0,1
BRF:10
BRH:7
end_of_record
TN:
SF:src/global/components/Avatar/index.tsx
FN:3,get
FN:3,AvatarComponent
FNF:2
FNH:2
FNDA:2,get
FNDA:2,AvatarComponent
DA:1,1
DA:2,1
DA:3,1
DA:4,2
DA:5,2
DA:6,2
DA:7,2
DA:8,2
DA:9,2
DA:10,2
DA:11,2
DA:12,2
DA:13,2
DA:14,2
DA:15,2
DA:16,2
DA:17,2
DA:18,2
DA:19,2
DA:20,2
DA:21,2
DA:22,2
DA:23,2
DA:24,2
DA:25,2
DA:26,2
DA:27,2
LF:27
LH:27
BRDA:3,0,0,2
BRDA:3,1,0,2
BRDA:16,2,0,1
BRDA:16,3,0,1
BRF:4
BRH:4
end_of_record
TN:
SF:src/global/components/Button/index.tsx
FN:3,get
FN:3,ButtonComponent
FNF:2
FNH:2
FNDA:7,get
FNDA:7,ButtonComponent
DA:1,1
DA:2,1
DA:3,1
DA:4,7
DA:5,7
DA:6,7
DA:7,7
DA:8,7
DA:9,7
DA:10,7
DA:11,0
DA:12,7
DA:13,7
DA:14,7
DA:15,7
DA:16,7
DA:17,7
DA:18,7
DA:19,7
DA:20,7
DA:21,1
DA:22,1
DA:23,1
DA:24,1
DA:25,1
DA:26,6
DA:27,6
DA:28,6
DA:29,6
DA:30,6
DA:31,6
DA:32,6
DA:33,6
DA:34,6
DA:35,6
DA:36,7
DA:37,7
DA:38,7
LF:38
LH:37
BRDA:3,0,0,7
BRDA:3,1,0,7
BRDA:10,2,0,0
BRDA:20,3,0,1
BRDA:25,4,0,6
BRF:5
BRH:4
end_of_record
TN:
SF:src/global/components/Card/index.tsx
FN:16,get
FN:16,CardComponent
FN:24,toggleShowPassword
FNF:3
FNH:3
FNDA:4,get
FNDA:5,CardComponent
FNDA:1,toggleShowPassword
DA:1,1
DA:2,1
DA:3,1
DA:4,1
DA:5,1
DA:6,1
DA:7,1
DA:8,1
DA:9,1
DA:10,1
DA:11,1
DA:12,1
DA:13,1
DA:14,1
DA:15,1
DA:16,1
DA:17,5
DA:18,5
DA:19,5
DA:20,5
DA:21,5
DA:22,5
DA:23,5
DA:24,5
DA:25,5
DA:26,5
DA:27,5
DA:28,5
DA:29,5
DA:30,5
DA:31,5
DA:32,5
DA:33,5
DA:34,5
DA:35,5
DA:36,5
DA:37,5
DA:38,5
DA:39,5
DA:40,5
DA:41,5
DA:42,5
DA:43,5
DA:44,5
DA:45,5
DA:46,5
DA:47,5
DA:48,5
DA:49,5
DA:50,5
DA:51,5
DA:52,5
DA:53,5
DA:54,5
DA:55,5
DA:56,5
DA:57,5
DA:58,5
DA:59,5
DA:60,5
DA:61,5
DA:62,5
DA:63,5
DA:64,5
DA:65,5
DA:66,5
DA:67,5
DA:68,5
DA:69,5
DA:70,5
DA:71,5
DA:72,5
DA:73,5
DA:74,5
DA:75,5
DA:76,5
DA:77,5
DA:78,5
DA:79,5
DA:80,5
DA:81,5
DA:82,5
DA:83,5
DA:84,5
DA:85,5
DA:86,5
DA:87,5
DA:88,5
DA:89,1
DA:90,1
DA:91,1
DA:92,1
DA:93,1
DA:94,1
DA:95,5
DA:96,4
DA:97,4
DA:98,4
DA:99,4
DA:100,4
DA:101,5
DA:102,5
DA:103,5
DA:104,5
DA:105,5
DA:106,5
DA:107,5
DA:108,5
DA:109,5
DA:110,5
DA:111,5
DA:112,5
DA:113,5
LF:113
LH:113
BRDA:16,0,0,4
BRDA:16,1,0,5
BRDA:54,2,0,0
BRDA:88,3,0,1
BRDA:95,4,0,4
BRDA:24,5,0,1
BRF:6
BRH:5
end_of_record
TN:
SF:src/global/components/TextField/index.tsx
FN:3,get
FN:3,TextFieldComponent
FNF:2
FNH:2
FNDA:2,get
FNDA:2,TextFieldComponent
DA:1,1
DA:2,1
DA:3,1
DA:4,2
DA:5,2
DA:6,2
DA:7,2
DA:8,2
DA:9,2
DA:10,2
DA:11,2
DA:12,2
DA:13,2
DA:14,2
DA:15,2
DA:16,2
DA:17,2
DA:18,2
DA:19,2
DA:20,2
DA:21,2
DA:22,2
DA:23,2
DA:24,2
DA:25,2
DA:26,2
DA:27,2
DA:28,2
DA:29,2
DA:30,2
DA:31,2
DA:32,2
DA:33,2
DA:34,2
DA:35,2
DA:36,2
DA:37,2
DA:38,2
DA:39,2
DA:40,2
DA:41,2
DA:42,2
DA:43,2
DA:44,2
DA:45,2
DA:46,2
DA:47,2
DA:48,2
LF:48
LH:48
BRDA:3,0,0,2
BRDA:3,1,0,2
BRDA:8,2,0,0
BRDA:37,3,0,0
BRF:4
BRH:2
end_of_record
TN:
SF:src/global/components/layouts/Default/index.tsx
FN:4,get
FN:4,DefaultLayoutComponent
FNF:2
FNH:2
FNDA:1,get
FNDA:1,DefaultLayoutComponent
DA:1,1
DA:2,1
DA:3,1
DA:4,1
DA:5,1
DA:6,1
DA:7,1
DA:8,1
DA:9,1
DA:10,1
DA:11,1
DA:12,1
DA:13,1
DA:14,1
LF:14
LH:14
BRDA:4,0,0,1
BRDA:4,1,0,1
BRF:2
BRH:2
end_of_record
TN:
SF:src/global/hooks/useFormattedCurrency.tsx
FN:8,get
FN:8,useFormattedCurrency
FN:9,elementCurrency
FNF:3
FNH:3
FNDA:5,get
FNDA:5,useFormattedCurrency
FNDA:5,elementCurrency
DA:1,1
DA:2,1
DA:3,1
DA:4,1
DA:5,1
DA:6,1
DA:7,1
DA:8,1
DA:9,5
DA:10,5
DA:11,5
DA:12,5
DA:13,5
DA:14,5
DA:15,5
DA:16,5
DA:17,5
DA:18,5
DA:19,5
DA:20,5
DA:21,5
DA:22,5
DA:23,5
DA:24,5
DA:25,5
DA:26,5
LF:26
LH:26
BRDA:8,0,0,5
BRDA:8,1,0,5
BRDA:9,2,0,5
BRDA:10,3,0,0
BRF:4
BRH:3
end_of_record
TN:
SF:src/global/utils/limitString.ts
FN:1,get
FN:1,limitString
FNF:2
FNH:2
FNDA:5,get
FNDA:5,limitString
DA:1,1
DA:2,5
DA:3,0
DA:4,5
DA:5,5
DA:6,5
DA:7,5
LF:7
LH:6
BRDA:1,0,0,5
BRDA:1,1,0,5
BRDA:2,2,0,0
BRF:3
BRH:2
end_of_record
